2023-07-04T06:29:02+00:00 CRITICAL Uncaught TypeError: call_user_func_array(): Argument #1 ($callback) must be a valid callback, class Amino_Megamenu does not have a method "save_menu_meta_options" in /home/u848568311/domains/trycyferdev.com/public_html/yummy/wp-includes/class-wp-hook.php:308
Stack trace:
#0 /home/u848568311/domains/trycyferdev.com/public_html/yummy/wp-includes/class-wp-hook.php(332): WP_Hook->apply_filters()
#1 /home/u848568311/domains/trycyferdev.com/public_html/yummy/wp-includes/plugin.php(517): WP_Hook->do_action()
#2 /home/u848568311/domains/trycyferdev.com/public_html/yummy/wp-admin/admin-ajax.php(188): do_action()
#3 {main}
  thrown in /home/u848568311/domains/trycyferdev.com/public_html/yummy/wp-includes/class-wp-hook.php on line 308

2023-07-04T06:44:47+00:00 CRITICAL Uncaught TypeError: call_user_func_array(): Argument #1 ($callback) must be a valid callback, class Amino_Megamenu does not have a method "save_menu_meta_options" in /home/u848568311/domains/trycyferdev.com/public_html/yummy/wp-includes/class-wp-hook.php:308
Stack trace:
#0 /home/u848568311/domains/trycyferdev.com/public_html/yummy/wp-includes/class-wp-hook.php(332): WP_Hook->apply_filters()
#1 /home/u848568311/domains/trycyferdev.com/public_html/yummy/wp-includes/plugin.php(517): WP_Hook->do_action()
#2 /home/u848568311/domains/trycyferdev.com/public_html/yummy/wp-admin/admin-ajax.php(188): do_action()
#3 {main}
  thrown in /home/u848568311/domains/trycyferdev.com/public_html/yummy/wp-includes/class-wp-hook.php on line 308

2023-07-04T08:10:40+00:00 CRITICAL Uncaught Error: Call to undefined function of_get_option() in /home/u848568311/domains/trycyferdev.com/public_html/yummy/wp-content/plugins/amino-core/includes/elementor/src/widgets/road-instagram.php:430
Stack trace:
#0 /home/u848568311/domains/trycyferdev.com/public_html/yummy/wp-content/plugins/amino-core/includes/elementor/src/widgets/road-instagram.php(336): Road_Instagram_Widget->rt_get_instagram_info()
#1 /home/u848568311/domains/trycyferdev.com/public_html/yummy/wp-content/plugins/elementor/includes/base/controls-stack.php(2268): Road_Instagram_Widget->render()
#2 /home/u848568311/domains/trycyferdev.com/public_html/yummy/wp-content/plugins/elementor/includes/base/widget-base.php(609): Elementor\Controls_Stack->render_by_mode()
#3 /home/u848568311/domains/trycyferdev.com/public_html/yummy/wp-content/plugins/elementor/core/base/document.php(292): Elementor\Widget_Base->render_content()
#4 /home/u848568311/domains/trycyferdev.com/public_html/yummy/wp-content/plugins/elementor/includes/managers/widgets.php(445): Elementor\Core\Base\Document->render_element()
#5 [internal function]: Elementor\Widgets_Manager->ajax_render_widget()
#6 /home/u848568311/domains/trycyferdev.com/public_html/yummy/wp-content/plugins/elementor/core/common/modules/ajax/module.php(175): call_user_func()
#7 /home/u848568311/domains/trycyferdev.com/public_html/yummy/wp-includes/class-wp-hook.php(308): Elementor\Core\Common\Modules\Ajax\Module->handle_ajax_request()
#8 /home/u848568311/domains/trycyferdev.com/public_html/yummy/wp-includes/class-wp-hook.php(332): WP_Hook->apply_filters()
#9 /home/u848568311/domains/trycyferdev.com/public_html/yummy/wp-includes/plugin.php(517): WP_Hook->do_action()
#10 /home/u848568311/domains/trycyferdev.com/public_html/yummy/wp-admin/admin-ajax.php(188): do_action()
#11 {main}
  thrown in /home/u848568311/domains/trycyferdev.com/public_html/yummy/wp-content/plugins/amino-core/includes/elementor/src/widgets/road-instagram.php on line 430

