2023-06-30T07:11:41+00:00 CRITICAL Uncaught ArgumentCountError: 3 arguments are required, 2 given in C:\xampp\htdocs\yummy\wp-admin\includes\class-bulk-upgrader-skin.php:156
Stack trace:
#0 C:\xampp\htdocs\yummy\wp-admin\includes\class-bulk-upgrader-skin.php(156): sprintf('%1$s installed ...', 'WooCommerce')
#1 C:\xampp\htdocs\yummy\wp-content\themes\amino\inc\admin\themepanel\includes\class-tgm-plugin-activation.php(3624): Bulk_Upgrader_Skin->after('WooCommerce')
#2 C:\xampp\htdocs\yummy\wp-admin\includes\class-wp-upgrader.php(841): TGMPA_Bulk_Installer_Skin->after()
#3 C:\xampp\htdocs\yummy\wp-content\themes\amino\inc\admin\themepanel\includes\class-tgm-plugin-activation.php(3269): WP_Upgrader->run(Array)
#4 C:\xampp\htdocs\yummy\wp-content\themes\amino\inc\admin\themepanel\includes\class-tgm-plugin-activation.php(3357): TGMPA_Bulk_Installer->run(Array)
#5 C:\xampp\htdocs\yummy\wp-content\themes\amino\inc\admin\themepanel\includes\class-tgm-plugin-activation.php(2988): TGMPA_Bulk_Installer->bulk_install(Array)
#6 C:\xampp\htdocs\yummy\wp-content\themes\amino\inc\admin\themepanel\includes\class-tgm-plugin-activation.php(750): TGMPA_List_Table->process_bulk_actions()
#7 C:\xampp\htdocs\yummy\wp-includes\class-wp-hook.php(308): TGM_Plugin_Activation->install_plugins_page('')
#8 C:\xampp\htdocs\yummy\wp-includes\class-wp-hook.php(332): WP_Hook->apply_filters('', Array)
#9 C:\xampp\htdocs\yummy\wp-includes\plugin.php(517): WP_Hook->do_action(Array)
#10 C:\xampp\htdocs\yummy\wp-admin\admin.php(259): do_action('appearance_page...')
#11 C:\xampp\htdocs\yummy\wp-admin\themes.php(10): require_once('C:\\xampp\\htdocs...')
#12 {main}
  thrown in C:\xampp\htdocs\yummy\wp-admin\includes\class-bulk-upgrader-skin.php on line 156

2023-06-30T07:12:12+00:00 CRITICAL Uncaught ArgumentCountError: 3 arguments are required, 2 given in C:\xampp\htdocs\yummy\wp-admin\includes\class-bulk-upgrader-skin.php:156
Stack trace:
#0 C:\xampp\htdocs\yummy\wp-admin\includes\class-bulk-upgrader-skin.php(156): sprintf('%1$s installed ...', 'YITH WooCommerc...')
#1 C:\xampp\htdocs\yummy\wp-content\themes\amino\inc\admin\themepanel\includes\class-tgm-plugin-activation.php(3624): Bulk_Upgrader_Skin->after('YITH WooCommerc...')
#2 C:\xampp\htdocs\yummy\wp-admin\includes\class-wp-upgrader.php(841): TGMPA_Bulk_Installer_Skin->after()
#3 C:\xampp\htdocs\yummy\wp-content\themes\amino\inc\admin\themepanel\includes\class-tgm-plugin-activation.php(3269): WP_Upgrader->run(Array)
#4 C:\xampp\htdocs\yummy\wp-content\themes\amino\inc\admin\themepanel\includes\class-tgm-plugin-activation.php(3357): TGMPA_Bulk_Installer->run(Array)
#5 C:\xampp\htdocs\yummy\wp-content\themes\amino\inc\admin\themepanel\includes\class-tgm-plugin-activation.php(2988): TGMPA_Bulk_Installer->bulk_install(Array)
#6 C:\xampp\htdocs\yummy\wp-content\themes\amino\inc\admin\themepanel\includes\class-tgm-plugin-activation.php(750): TGMPA_List_Table->process_bulk_actions()
#7 C:\xampp\htdocs\yummy\wp-includes\class-wp-hook.php(308): TGM_Plugin_Activation->install_plugins_page('')
#8 C:\xampp\htdocs\yummy\wp-includes\class-wp-hook.php(332): WP_Hook->apply_filters('', Array)
#9 C:\xampp\htdocs\yummy\wp-includes\plugin.php(517): WP_Hook->do_action(Array)
#10 C:\xampp\htdocs\yummy\wp-admin\admin.php(259): do_action('appearance_page...')
#11 C:\xampp\htdocs\yummy\wp-admin\themes.php(10): require_once('C:\\xampp\\htdocs...')
#12 {main}
  thrown in C:\xampp\htdocs\yummy\wp-admin\includes\class-bulk-upgrader-skin.php on line 156

2023-06-30T07:12:28+00:00 CRITICAL Uncaught ArgumentCountError: 3 arguments are required, 2 given in C:\xampp\htdocs\yummy\wp-admin\includes\class-bulk-upgrader-skin.php:156
Stack trace:
#0 C:\xampp\htdocs\yummy\wp-admin\includes\class-bulk-upgrader-skin.php(156): sprintf('%1$s installed ...', 'Mailchimp for W...')
#1 C:\xampp\htdocs\yummy\wp-content\themes\amino\inc\admin\themepanel\includes\class-tgm-plugin-activation.php(3624): Bulk_Upgrader_Skin->after('Mailchimp for W...')
#2 C:\xampp\htdocs\yummy\wp-admin\includes\class-wp-upgrader.php(841): TGMPA_Bulk_Installer_Skin->after()
#3 C:\xampp\htdocs\yummy\wp-content\themes\amino\inc\admin\themepanel\includes\class-tgm-plugin-activation.php(3269): WP_Upgrader->run(Array)
#4 C:\xampp\htdocs\yummy\wp-content\themes\amino\inc\admin\themepanel\includes\class-tgm-plugin-activation.php(3357): TGMPA_Bulk_Installer->run(Array)
#5 C:\xampp\htdocs\yummy\wp-content\themes\amino\inc\admin\themepanel\includes\class-tgm-plugin-activation.php(2988): TGMPA_Bulk_Installer->bulk_install(Array)
#6 C:\xampp\htdocs\yummy\wp-content\themes\amino\inc\admin\themepanel\includes\class-tgm-plugin-activation.php(750): TGMPA_List_Table->process_bulk_actions()
#7 C:\xampp\htdocs\yummy\wp-includes\class-wp-hook.php(308): TGM_Plugin_Activation->install_plugins_page('')
#8 C:\xampp\htdocs\yummy\wp-includes\class-wp-hook.php(332): WP_Hook->apply_filters('', Array)
#9 C:\xampp\htdocs\yummy\wp-includes\plugin.php(517): WP_Hook->do_action(Array)
#10 C:\xampp\htdocs\yummy\wp-admin\admin.php(259): do_action('appearance_page...')
#11 C:\xampp\htdocs\yummy\wp-admin\themes.php(10): require_once('C:\\xampp\\htdocs...')
#12 {main}
  thrown in C:\xampp\htdocs\yummy\wp-admin\includes\class-bulk-upgrader-skin.php on line 156

2023-06-30T07:12:34+00:00 CRITICAL Uncaught ArgumentCountError: 3 arguments are required, 2 given in C:\xampp\htdocs\yummy\wp-admin\includes\class-bulk-upgrader-skin.php:156
Stack trace:
#0 C:\xampp\htdocs\yummy\wp-admin\includes\class-bulk-upgrader-skin.php(156): sprintf('%1$s installed ...', 'Amino Core')
#1 C:\xampp\htdocs\yummy\wp-content\themes\amino\inc\admin\themepanel\includes\class-tgm-plugin-activation.php(3624): Bulk_Upgrader_Skin->after('Amino Core')
#2 C:\xampp\htdocs\yummy\wp-admin\includes\class-wp-upgrader.php(841): TGMPA_Bulk_Installer_Skin->after()
#3 C:\xampp\htdocs\yummy\wp-content\themes\amino\inc\admin\themepanel\includes\class-tgm-plugin-activation.php(3269): WP_Upgrader->run(Array)
#4 C:\xampp\htdocs\yummy\wp-content\themes\amino\inc\admin\themepanel\includes\class-tgm-plugin-activation.php(3357): TGMPA_Bulk_Installer->run(Array)
#5 C:\xampp\htdocs\yummy\wp-content\themes\amino\inc\admin\themepanel\includes\class-tgm-plugin-activation.php(2988): TGMPA_Bulk_Installer->bulk_install(Array)
#6 C:\xampp\htdocs\yummy\wp-content\themes\amino\inc\admin\themepanel\includes\class-tgm-plugin-activation.php(750): TGMPA_List_Table->process_bulk_actions()
#7 C:\xampp\htdocs\yummy\wp-includes\class-wp-hook.php(308): TGM_Plugin_Activation->install_plugins_page('')
#8 C:\xampp\htdocs\yummy\wp-includes\class-wp-hook.php(332): WP_Hook->apply_filters('', Array)
#9 C:\xampp\htdocs\yummy\wp-includes\plugin.php(517): WP_Hook->do_action(Array)
#10 C:\xampp\htdocs\yummy\wp-admin\admin.php(259): do_action('appearance_page...')
#11 C:\xampp\htdocs\yummy\wp-admin\themes.php(10): require_once('C:\\xampp\\htdocs...')
#12 {main}
  thrown in C:\xampp\htdocs\yummy\wp-admin\includes\class-bulk-upgrader-skin.php on line 156

